Arguments: 
  E:\SWE\NodeJS\node.exe C:\Users\Maria\AppData\Roaming\npm\node_modules\yarn\bin\yarn.js dev

PATH: 
  E:\SWE\Python3.11.5\Scripts\;E:\SWE\Python3.11.5\;C:\Program Files (x86)\Common Files\Oracle\Java\javapath;C:\Windows\system32;C:\Windows;C:\Windows\System32\Wbem;C:\Windows\System32\WindowsPowerShell\v1.0\;C:\Windows\System32\OpenSSH\;E:\SWE\Git\cmd;C:\Program Files\Microsoft SQL Server\150\Tools\Binn\;C:\Program Files\Microsoft SQL Server\Client SDK\ODBC\170\Tools\Binn\;E:\SWE\NodeJS\;C:\Program Files\dotnet\;C:\Users\Maria\AppData\Local\Microsoft\WindowsApps;C:\MinGW\bin;E:\SWE\Microsoft VS Code\bin;E:\SWE\IntelliJ\IntelliJ IDEA Community Edition 2023.2.1\bin;;C:\Users\Maria\AppData\Roaming\npm;E:\SWE\flutter\bin;C:\Users\Maria\.dotnet\tools;E:\SWE\Java\bin;C:\Users\Maria\AppData\Local\GitHubDesktop\bin

Yarn version: 
  1.22.19

Node version: 
  20.5.1

Platform: 
  win32 x64

Trace: 
  SyntaxError: C:\ACADEMICS\Projects\SWE4538-Project\server\package.json: Expected double-quoted property name in JSON at position 154
      at JSON.parse (<anonymous>)
      at C:\Users\Maria\AppData\Roaming\npm\node_modules\yarn\lib\cli.js:1629:59
      at Generator.next (<anonymous>)
      at step (C:\Users\Maria\AppData\Roaming\npm\node_modules\yarn\lib\cli.js:310:30)
      at C:\Users\Maria\AppData\Roaming\npm\node_modules\yarn\lib\cli.js:321:13

npm manifest: 
  {
    "name": "coffee",
    "version": "1.0.0",
    "license": "MIT",
    "main": "index.js",
    "type": "module",
    "scripts": {
      "dev": "nodemon index.js",
    },
    "dependencies": {
      "yarn": "^1.22.21"
    }
  }

yarn manifest: 
  No manifest

Lockfile: 
  # THIS IS AN AUTOGENERATED FILE. DO NOT EDIT THIS FILE DIRECTLY.
  # yarn lockfile v1
  
  
  yarn@^1.22.21:
    version "1.22.21"
    resolved "https://registry.yarnpkg.com/yarn/-/yarn-1.22.21.tgz#1959a18351b811cdeedbd484a8f86c3cc3bbaf72"
    integrity sha512-ynXaJsADJ9JiZ84zU25XkPGOvVMmZ5b7tmTSpKURYwgELdjucAOydqIOrOfTxVYcNXe91xvLZwcRh68SR3liCg==
